Build target 'Target 1'
compiling test2.c...
test2.c(44): error C141: syntax error near 'unsigned', expected '__asm'
test2.c(44): error C202: 'rline': undefined identifier
test2.c(45): error C141: syntax error near 'unsigned', expected '__asm'
test2.c(45): error C202: 'rnum': undefined identifier
test2.c(46): error C141: syntax error near 'unsigned', expected '__asm'
test2.c(46): error C202: 'cnum': undefined identifier
test2.c(49): error C202: 'rline': undefined identifier
test2.c(59): error C202: 'cnum': undefined identifier
test2.c(62): error C202: 'rnum': undefined identifier
test2.c(63): error C202: 'cnum': undefined identifier
test2.c(74): error C202: 'rline': undefined identifier
Target not created.
Build Time Elapsed:  00:00:00
